This file contains any messages produced by compilers while
running configure, to aid debugging if configure makes a mistake.

It was created by attr configure 2.5.1, which was
generated by GNU Autoconf 2.69.  Invocation command line was

  $ ./configure --host=x86_64-linux-musl --prefix=/usr --sysconfdir=/etc

## --------- ##
## Platform. ##
## --------- ##

hostname = arch
uname -m = x86_64
uname -r = 5.13.13-arch1-1
uname -s = Linux
uname -v = #1 SMP PREEMPT Thu, 26 Aug 2021 19:14:36 +0000

/usr/bin/uname -p = unknown
/bin/uname -X     = unknown

/bin/arch              = unknown
/usr/bin/arch -k       = unknown
/usr/convex/getsysinfo = unknown
/usr/bin/hostinfo      = unknown
/bin/machine           = unknown
/usr/bin/oslevel       = unknown
/bin/universe          = unknown

PATH: /usr/local/bin
PATH: /usr/bin
PATH: /bin
PATH: /usr/local/sbin
PATH: /usr/lib/jvm/default/bin
PATH: /usr/bin/site_perl
PATH: /usr/bin/vendor_perl
PATH: /usr/bin/core_perl
PATH: /home/user/kun/bin
PATH: /home/user/mussel/toolchain/bin
PATH: /home/user/kun/bin
PATH: /home/user/mussel/toolchain/bin
PATH: /home/user/kun/bin
PATH: /home/user/mussel/toolchain/bin


## ----------- ##
## Core tests. ##
## ----------- ##

configure:2353: checking for a BSD-compatible install
configure:2421: result: /usr/bin/install -c
configure:2432: checking whether build environment is sane
configure:2487: result: yes
configure:2546: checking for x86_64-linux-musl-strip
configure:2562: found /home/user/mussel/toolchain/bin/x86_64-linux-musl-strip
configure:2573: result: x86_64-linux-musl-strip
configure:2638: checking for a thread-safe mkdir -p
configure:2677: result: /usr/bin/mkdir -p
configure:2684: checking for gawk
configure:2700: found /usr/bin/gawk
configure:2711: result: gawk
configure:2722: checking whether make sets $(MAKE)
configure:2744: result: yes
configure:2773: checking whether make supports nested variables
configure:2790: result: yes
configure:2927: checking whether make supports nested variables
configure:2944: result: yes
configure:2964: checking for x86_64-linux-musl-gcc
configure:2991: result: x86_64-linux-musl-gcc
configure:3260: checking for C compiler version
configure:3269: x86_64-linux-musl-gcc --version >&5
x86_64-linux-musl-gcc (GCC) 11.2.0
Copyright (C) 2021 Free Software Foundation, Inc.
This is free software; see the source for copying conditions.  There is NO
warranty; not even for MERCHANTABILITY or FITNESS FOR A PARTICULAR PURPOSE.

configure:3280: $? = 0
configure:3269: x86_64-linux-musl-gcc -v >&5
Using built-in specs.
COLLECT_GCC=x86_64-linux-musl-gcc
COLLECT_LTO_WRAPPER=/home/user/mussel/toolchain/libexec/gcc/x86_64-linux-musl/11.2.0/lto-wrapper
Target: x86_64-linux-musl
Configured with: /home/user/mussel/sources/gcc/gcc-11.2.0/configure --prefix=/home/user/mussel/toolchain --target=x86_64-linux-musl --with-sysroot=/home/user/mussel/sysroot --enable-languages=c,c++ --disable-multilib --disable-bootstrap --disable-libsanitizer --disable-werror --enable-initfini-array --with-arch=x86-64 --with-tune=generic
Thread model: posix
Supported LTO compression algorithms: zlib zstd
gcc version 11.2.0 (GCC) 
configure:3280: $? = 0
configure:3269: x86_64-linux-musl-gcc -V >&5
x86_64-linux-musl-gcc: error: unrecognized command-line option '-V'
x86_64-linux-musl-gcc: fatal error: no input files
compilation terminated.
configure:3280: $? = 1
configure:3269: x86_64-linux-musl-gcc -qversion >&5
x86_64-linux-musl-gcc: error: unrecognized command-line option '-qversion'; did you mean '--version'?
x86_64-linux-musl-gcc: fatal error: no input files
compilation terminated.
configure:3280: $? = 1
configure:3300: checking whether the C compiler works
configure:3322: x86_64-linux-musl-gcc -march=x86-64 -O3 -pipe  -L/home/user/mussel/sysroot/usr/lib conftest.c -lattr >&5
configure:3326: $? = 0
configure:3374: result: yes
configure:3377: checking for C compiler default output file name
configure:3379: result: a.out
configure:3385: checking for suffix of executables
configure:3392: x86_64-linux-musl-gcc -o conftest -march=x86-64 -O3 -pipe  -L/home/user/mussel/sysroot/usr/lib conftest.c -lattr >&5
configure:3396: $? = 0
configure:3418: result: 
configure:3440: checking whether we are cross compiling
configure:3448: x86_64-linux-musl-gcc -o conftest -march=x86-64 -O3 -pipe  -L/home/user/mussel/sysroot/usr/lib conftest.c -lattr >&5
configure:3452: $? = 0
configure:3459: ./conftest
configure:3463: $? = 0
configure:3478: result: no
configure:3483: checking for suffix of object files
configure:3505: x86_64-linux-musl-gcc -c -march=x86-64 -O3 -pipe  conftest.c >&5
configure:3509: $? = 0
configure:3530: result: o
configure:3534: checking whether we are using the GNU C compiler
configure:3553: x86_64-linux-musl-gcc -c -march=x86-64 -O3 -pipe  conftest.c >&5
configure:3553: $? = 0
configure:3562: result: yes
configure:3571: checking whether x86_64-linux-musl-gcc accepts -g
configure:3591: x86_64-linux-musl-gcc -c -g  conftest.c >&5
configure:3591: $? = 0
configure:3632: result: yes
configure:3649: checking for x86_64-linux-musl-gcc option to accept ISO C89
configure:3712: x86_64-linux-musl-gcc  -c -march=x86-64 -O3 -pipe  conftest.c >&5
configure:3712: $? = 0
configure:3725: result: none needed
configure:3750: checking whether x86_64-linux-musl-gcc understands -c and -o together
configure:3772: x86_64-linux-musl-gcc -c conftest.c -o conftest2.o
configure:3775: $? = 0
configure:3772: x86_64-linux-musl-gcc -c conftest.c -o conftest2.o
configure:3775: $? = 0
configure:3787: result: yes
configure:3807: checking whether make supports the include directive
configure:3822: make -f confmf.GNU && cat confinc.out
this is the am__doit target
configure:3825: $? = 0
configure:3844: result: yes (GNU style)
configure:3869: checking dependency style of x86_64-linux-musl-gcc
configure:3980: result: gcc3
configure:4002: checking how to run the C preprocessor
configure:4033: x86_64-linux-musl-gcc -E  conftest.c
configure:4033: $? = 0
configure:4047: x86_64-linux-musl-gcc -E  conftest.c
conftest.c:11:10: fatal error: ac_nonexistent.h: No such file or directory
   11 | #include <ac_nonexistent.h>
      |          ^~~~~~~~~~~~~~~~~~
compilation terminated.
configure:4047: $? = 1
configure: failed program was:
| /* confdefs.h */
| #define PACKAGE_NAME "attr"
| #define PACKAGE_TARNAME "attr"
| #define PACKAGE_VERSION "2.5.1"
| #define PACKAGE_STRING "attr 2.5.1"
| #define PACKAGE_BUGREPORT "acl-devel@nongnu.org"
| #define PACKAGE_URL ""
| #define PACKAGE "attr"
| #define VERSION "2.5.1"
| /* end confdefs.h.  */
| #include <ac_nonexistent.h>
configure:4072: result: x86_64-linux-musl-gcc -E
configure:4092: x86_64-linux-musl-gcc -E  conftest.c
configure:4092: $? = 0
configure:4106: x86_64-linux-musl-gcc -E  conftest.c
conftest.c:11:10: fatal error: ac_nonexistent.h: No such file or directory
   11 | #include <ac_nonexistent.h>
      |          ^~~~~~~~~~~~~~~~~~
compilation terminated.
configure:4106: $? = 1
configure: failed program was:
| /* confdefs.h */
| #define PACKAGE_NAME "attr"
| #define PACKAGE_TARNAME "attr"
| #define PACKAGE_VERSION "2.5.1"
| #define PACKAGE_STRING "attr 2.5.1"
| #define PACKAGE_BUGREPORT "acl-devel@nongnu.org"
| #define PACKAGE_URL ""
| #define PACKAGE "attr"
| #define VERSION "2.5.1"
| /* end confdefs.h.  */
| #include <ac_nonexistent.h>
configure:4135: checking for grep that handles long lines and -e
configure:4193: result: /usr/bin/grep
configure:4198: checking for egrep
configure:4260: result: /usr/bin/grep -E
configure:4265: checking for ANSI C header files
configure:4285: x86_64-linux-musl-gcc -c -march=x86-64 -O3 -pipe  conftest.c >&5
configure:4285: $? = 0
configure:4358: x86_64-linux-musl-gcc -o conftest -march=x86-64 -O3 -pipe  -L/home/user/mussel/sysroot/usr/lib conftest.c -lattr >&5
configure:4358: $? = 0
configure:4358: ./conftest
configure:4358: $? = 0
configure:4369: result: yes
configure:4382: checking for sys/types.h
configure:4382: x86_64-linux-musl-gcc -c -march=x86-64 -O3 -pipe  conftest.c >&5
configure:4382: $? = 0
configure:4382: result: yes
configure:4382: checking for sys/stat.h
configure:4382: x86_64-linux-musl-gcc -c -march=x86-64 -O3 -pipe  conftest.c >&5
configure:4382: $? = 0
configure:4382: result: yes
configure:4382: checking for stdlib.h
configure:4382: x86_64-linux-musl-gcc -c -march=x86-64 -O3 -pipe  conftest.c >&5
configure:4382: $? = 0
configure:4382: result: yes
configure:4382: checking for string.h
configure:4382: x86_64-linux-musl-gcc -c -march=x86-64 -O3 -pipe  conftest.c >&5
configure:4382: $? = 0
configure:4382: result: yes
configure:4382: checking for memory.h
configure:4382: x86_64-linux-musl-gcc -c -march=x86-64 -O3 -pipe  conftest.c >&5
configure:4382: $? = 0
configure:4382: result: yes
configure:4382: checking for strings.h
configure:4382: x86_64-linux-musl-gcc -c -march=x86-64 -O3 -pipe  conftest.c >&5
configure:4382: $? = 0
configure:4382: result: yes
configure:4382: checking for inttypes.h
configure:4382: x86_64-linux-musl-gcc -c -march=x86-64 -O3 -pipe  conftest.c >&5
configure:4382: $? = 0
configure:4382: result: yes
configure:4382: checking for stdint.h
configure:4382: x86_64-linux-musl-gcc -c -march=x86-64 -O3 -pipe  conftest.c >&5
configure:4382: $? = 0
configure:4382: result: yes
configure:4382: checking for unistd.h
configure:4382: x86_64-linux-musl-gcc -c -march=x86-64 -O3 -pipe  conftest.c >&5
configure:4382: $? = 0
configure:4382: result: yes
configure:4395: checking minix/config.h usability
configure:4395: x86_64-linux-musl-gcc -c -march=x86-64 -O3 -pipe  conftest.c >&5
conftest.c:54:10: fatal error: minix/config.h: No such file or directory
   54 | #include <minix/config.h>
      |          ^~~~~~~~~~~~~~~~
compilation terminated.
configure:4395: $? = 1
configure: failed program was:
| /* confdefs.h */
| #define PACKAGE_NAME "attr"
| #define PACKAGE_TARNAME "attr"
| #define PACKAGE_VERSION "2.5.1"
| #define PACKAGE_STRING "attr 2.5.1"
| #define PACKAGE_BUGREPORT "acl-devel@nongnu.org"
| #define PACKAGE_URL ""
| #define PACKAGE "attr"
| #define VERSION "2.5.1"
| #define STDC_HEADERS 1
| #define HAVE_SYS_TYPES_H 1
| #define HAVE_SYS_STAT_H 1
| #define HAVE_STDLIB_H 1
| #define HAVE_STRING_H 1
| #define HAVE_MEMORY_H 1
| #define HAVE_STRINGS_H 1
| #define HAVE_INTTYPES_H 1
| #define HAVE_STDINT_H 1
| #define HAVE_UNISTD_H 1
| /* end confdefs.h.  */
| #include <stdio.h>
| #ifdef HAVE_SYS_TYPES_H
| # include <sys/types.h>
| #endif
| #ifdef HAVE_SYS_STAT_H
| # include <sys/stat.h>
| #endif
| #ifdef STDC_HEADERS
| # include <stdlib.h>
| # include <stddef.h>
| #else
| # ifdef HAVE_STDLIB_H
| #  include <stdlib.h>
| # endif
| #endif
| #ifdef HAVE_STRING_H
| # if !defined STDC_HEADERS && defined HAVE_MEMORY_H
| #  include <memory.h>
| # endif
| # include <string.h>
| #endif
| #ifdef HAVE_STRINGS_H
| # include <strings.h>
| #endif
| #ifdef HAVE_INTTYPES_H
| # include <inttypes.h>
| #endif
| #ifdef HAVE_STDINT_H
| # include <stdint.h>
| #endif
| #ifdef HAVE_UNISTD_H
| # include <unistd.h>
| #endif
| #include <minix/config.h>
configure:4395: result: no
configure:4395: checking minix/config.h presence
configure:4395: x86_64-linux-musl-gcc -E  conftest.c
conftest.c:21:10: fatal error: minix/config.h: No such file or directory
   21 | #include <minix/config.h>
      |          ^~~~~~~~~~~~~~~~
compilation terminated.
configure:4395: $? = 1
configure: failed program was:
| /* confdefs.h */
| #define PACKAGE_NAME "attr"
| #define PACKAGE_TARNAME "attr"
| #define PACKAGE_VERSION "2.5.1"
| #define PACKAGE_STRING "attr 2.5.1"
| #define PACKAGE_BUGREPORT "acl-devel@nongnu.org"
| #define PACKAGE_URL ""
| #define PACKAGE "attr"
| #define VERSION "2.5.1"
| #define STDC_HEADERS 1
| #define HAVE_SYS_TYPES_H 1
| #define HAVE_SYS_STAT_H 1
| #define HAVE_STDLIB_H 1
| #define HAVE_STRING_H 1
| #define HAVE_MEMORY_H 1
| #define HAVE_STRINGS_H 1
| #define HAVE_INTTYPES_H 1
| #define HAVE_STDINT_H 1
| #define HAVE_UNISTD_H 1
| /* end confdefs.h.  */
| #include <minix/config.h>
configure:4395: result: no
configure:4395: checking for minix/config.h
configure:4395: result: no
configure:4416: checking whether it is safe to define __EXTENSIONS__
configure:4434: x86_64-linux-musl-gcc -c -march=x86-64 -O3 -pipe  conftest.c >&5
configure:4434: $? = 0
configure:4441: result: yes
configure:4455: checking for an ANSI C-conforming const
configure:4521: x86_64-linux-musl-gcc -c -march=x86-64 -O3 -pipe  conftest.c >&5
configure:4521: $? = 0
configure:4528: result: yes
configure:4536: checking for mode_t
configure:4536: x86_64-linux-musl-gcc -c -march=x86-64 -O3 -pipe  conftest.c >&5
configure:4536: $? = 0
configure:4536: x86_64-linux-musl-gcc -c -march=x86-64 -O3 -pipe  conftest.c >&5
conftest.c: In function 'main':
conftest.c:62:21: error: expected expression before ')' token
   62 | if (sizeof ((mode_t)))
      |                     ^
configure:4536: $? = 1
configure: failed program was:
| /* confdefs.h */
| #define PACKAGE_NAME "attr"
| #define PACKAGE_TARNAME "attr"
| #define PACKAGE_VERSION "2.5.1"
| #define PACKAGE_STRING "attr 2.5.1"
| #define PACKAGE_BUGREPORT "acl-devel@nongnu.org"
| #define PACKAGE_URL ""
| #define PACKAGE "attr"
| #define VERSION "2.5.1"
| #define STDC_HEADERS 1
| #define HAVE_SYS_TYPES_H 1
| #define HAVE_SYS_STAT_H 1
| #define HAVE_STDLIB_H 1
| #define HAVE_STRING_H 1
| #define HAVE_MEMORY_H 1
| #define HAVE_STRINGS_H 1
| #define HAVE_INTTYPES_H 1
| #define HAVE_STDINT_H 1
| #define HAVE_UNISTD_H 1
| #define __EXTENSIONS__ 1
| #define _ALL_SOURCE 1
| #define _GNU_SOURCE 1
| #define _POSIX_PTHREAD_SEMANTICS 1
| #define _TANDEM_SOURCE 1
| /* end confdefs.h.  */
| #include <stdio.h>
| #ifdef HAVE_SYS_TYPES_H
| # include <sys/types.h>
| #endif
| #ifdef HAVE_SYS_STAT_H
| # include <sys/stat.h>
| #endif
| #ifdef STDC_HEADERS
| # include <stdlib.h>
| # include <stddef.h>
| #else
| # ifdef HAVE_STDLIB_H
| #  include <stdlib.h>
| # endif
| #endif
| #ifdef HAVE_STRING_H
| # if !defined STDC_HEADERS && defined HAVE_MEMORY_H
| #  include <memory.h>
| # endif
| # include <string.h>
| #endif
| #ifdef HAVE_STRINGS_H
| # include <strings.h>
| #endif
| #ifdef HAVE_INTTYPES_H
| # include <inttypes.h>
| #endif
| #ifdef HAVE_STDINT_H
| # include <stdint.h>
| #endif
| #ifdef HAVE_UNISTD_H
| # include <unistd.h>
| #endif
| int
| main ()
| {
| if (sizeof ((mode_t)))
| 	    return 0;
|   ;
|   return 0;
| }
configure:4536: result: yes
configure:4547: checking for size_t
configure:4547: x86_64-linux-musl-gcc -c -march=x86-64 -O3 -pipe  conftest.c >&5
configure:4547: $? = 0
configure:4547: x86_64-linux-musl-gcc -c -march=x86-64 -O3 -pipe  conftest.c >&5
conftest.c: In function 'main':
conftest.c:62:21: error: expected expression before ')' token
   62 | if (sizeof ((size_t)))
      |                     ^
configure:4547: $? = 1
configure: failed program was:
| /* confdefs.h */
| #define PACKAGE_NAME "attr"
| #define PACKAGE_TARNAME "attr"
| #define PACKAGE_VERSION "2.5.1"
| #define PACKAGE_STRING "attr 2.5.1"
| #define PACKAGE_BUGREPORT "acl-devel@nongnu.org"
| #define PACKAGE_URL ""
| #define PACKAGE "attr"
| #define VERSION "2.5.1"
| #define STDC_HEADERS 1
| #define HAVE_SYS_TYPES_H 1
| #define HAVE_SYS_STAT_H 1
| #define HAVE_STDLIB_H 1
| #define HAVE_STRING_H 1
| #define HAVE_MEMORY_H 1
| #define HAVE_STRINGS_H 1
| #define HAVE_INTTYPES_H 1
| #define HAVE_STDINT_H 1
| #define HAVE_UNISTD_H 1
| #define __EXTENSIONS__ 1
| #define _ALL_SOURCE 1
| #define _GNU_SOURCE 1
| #define _POSIX_PTHREAD_SEMANTICS 1
| #define _TANDEM_SOURCE 1
| /* end confdefs.h.  */
| #include <stdio.h>
| #ifdef HAVE_SYS_TYPES_H
| # include <sys/types.h>
| #endif
| #ifdef HAVE_SYS_STAT_H
| # include <sys/stat.h>
| #endif
| #ifdef STDC_HEADERS
| # include <stdlib.h>
| # include <stddef.h>
| #else
| # ifdef HAVE_STDLIB_H
| #  include <stdlib.h>
| # endif
| #endif
| #ifdef HAVE_STRING_H
| # if !defined STDC_HEADERS && defined HAVE_MEMORY_H
| #  include <memory.h>
| # endif
| # include <string.h>
| #endif
| #ifdef HAVE_STRINGS_H
| # include <strings.h>
| #endif
| #ifdef HAVE_INTTYPES_H
| # include <inttypes.h>
| #endif
| #ifdef HAVE_STDINT_H
| # include <stdint.h>
| #endif
| #ifdef HAVE_UNISTD_H
| # include <unistd.h>
| #endif
| int
| main ()
| {
| if (sizeof ((size_t)))
| 	    return 0;
|   ;
|   return 0;
| }
configure:4547: result: yes
configure:4560: checking for working alloca.h
configure:4577: x86_64-linux-musl-gcc -o conftest -march=x86-64 -O3 -pipe  -L/home/user/mussel/sysroot/usr/lib conftest.c -lattr >&5
configure:4577: $? = 0
configure:4585: result: yes
configure:4593: checking for alloca
configure:4630: x86_64-linux-musl-gcc -o conftest -march=x86-64 -O3 -pipe  -L/home/user/mussel/sysroot/usr/lib conftest.c -lattr >&5
configure:4630: $? = 0
configure:4638: result: yes
configure:4744: checking whether __attribute__((visibility())) is supported
configure:4765: result: yes
configure:4788: checking for special C compiler options needed for large files
configure:4833: result: no
configure:4839: checking for _FILE_OFFSET_BITS value needed for large files
configure:4864: x86_64-linux-musl-gcc -c -march=x86-64 -O3 -pipe -fvisibility=hidden  conftest.c >&5
configure:4864: $? = 0
configure:4896: result: no
configure:4987: checking for x86_64-linux-musl-ar
configure:5003: found /home/user/mussel/toolchain/bin/x86_64-linux-musl-ar
configure:5014: result: x86_64-linux-musl-ar
configure:5084: checking the archiver (x86_64-linux-musl-ar) interface
configure:5100: x86_64-linux-musl-gcc -c -march=x86-64 -O3 -pipe -fvisibility=hidden  conftest.c >&5
configure:5100: $? = 0
configure:5102: x86_64-linux-musl-ar cru libconftest.a conftest.o >&5
configure:5105: $? = 0
configure:5133: result: ar
configure:5182: checking build system type
configure:5196: result: x86_64-pc-linux-gnu
configure:5216: checking host system type
configure:5229: result: x86_64-pc-linux-musl
configure:5270: checking how to print strings
configure:5297: result: printf
configure:5318: checking for a sed that does not truncate output
configure:5382: result: /usr/bin/sed
configure:5400: checking for fgrep
configure:5462: result: /usr/bin/grep -F
configure:5497: checking for ld used by x86_64-linux-musl-gcc
configure:5564: result: /home/user/mussel/toolchain/x86_64-linux-musl/bin/ld
configure:5571: checking if the linker (/home/user/mussel/toolchain/x86_64-linux-musl/bin/ld) is GNU ld
configure:5586: result: yes
configure:5598: checking for BSD- or MS-compatible name lister (nm)
configure:5652: result: /home/user/mussel/toolchain/bin/x86_64-linux-musl-nm -B
configure:5782: checking the name lister (/home/user/mussel/toolchain/bin/x86_64-linux-musl-nm -B) interface
configure:5789: x86_64-linux-musl-gcc -c -march=x86-64 -O3 -pipe -fvisibility=hidden  conftest.c >&5
configure:5792: /home/user/mussel/toolchain/bin/x86_64-linux-musl-nm -B "conftest.o"
configure:5795: output
0000000000000000 B some_variable
configure:5802: result: BSD nm
configure:5805: checking whether ln -s works
configure:5809: result: yes
configure:5817: checking the maximum length of command line arguments
configure:5948: result: 1572864
configure:5996: checking how to convert x86_64-pc-linux-gnu file names to x86_64-pc-linux-musl format
configure:6036: result: func_convert_file_noop
configure:6043: checking how to convert x86_64-pc-linux-gnu file names to toolchain format
configure:6063: result: func_convert_file_noop
configure:6070: checking for /home/user/mussel/toolchain/x86_64-linux-musl/bin/ld option to reload object files
configure:6077: result: -r
configure:6111: checking for x86_64-linux-musl-objdump
configure:6127: found /home/user/mussel/toolchain/bin/x86_64-linux-musl-objdump
configure:6138: result: x86_64-linux-musl-objdump
configure:6210: checking how to recognize dependent libraries
configure:6410: result: pass_all
configure:6455: checking for x86_64-linux-musl-dlltool
configure:6485: result: no
configure:6495: checking for dlltool
configure:6525: result: no
configure:6555: checking how to associate runtime and link libraries
configure:6582: result: printf %s\n
configure:6598: checking for x86_64-linux-musl-ar
configure:6625: result: x86_64-linux-musl-ar
configure:6706: checking for archiver @FILE support
configure:6723: x86_64-linux-musl-gcc -c -march=x86-64 -O3 -pipe -fvisibility=hidden  conftest.c >&5
configure:6723: $? = 0
configure:6726: x86_64-linux-musl-ar cru libconftest.a @conftest.lst >&5
configure:6729: $? = 0
configure:6734: x86_64-linux-musl-ar cru libconftest.a @conftest.lst >&5
x86_64-linux-musl-ar: conftest.o: No such file or directory
configure:6737: $? = 1
configure:6749: result: @
configure:6767: checking for x86_64-linux-musl-strip
configure:6794: result: x86_64-linux-musl-strip
configure:6866: checking for x86_64-linux-musl-ranlib
configure:6882: found /home/user/mussel/toolchain/bin/x86_64-linux-musl-ranlib
configure:6893: result: x86_64-linux-musl-ranlib
configure:7035: checking command to parse /home/user/mussel/toolchain/bin/x86_64-linux-musl-nm -B output from x86_64-linux-musl-gcc object
configure:7188: x86_64-linux-musl-gcc -c -march=x86-64 -O3 -pipe -fvisibility=hidden  conftest.c >&5
configure:7191: $? = 0
configure:7195: /home/user/mussel/toolchain/bin/x86_64-linux-musl-nm -B conftest.o \| sed -n -e 's/^.*[ ]\([ABCDGIRSTW][ABCDGIRSTW]*\)[ ][ ]*\([_A-Za-z][_A-Za-z0-9]*\)$/\1 \2 \2/p' | sed '/ __gnu_lto/d' \> conftest.nm
configure:7198: $? = 0
configure:7264: x86_64-linux-musl-gcc -o conftest -march=x86-64 -O3 -pipe -fvisibility=hidden  -L/home/user/mussel/sysroot/usr/lib conftest.c conftstm.o >&5
configure:7267: $? = 0
configure:7305: result: ok
configure:7352: checking for sysroot
configure:7382: result: no
configure:7389: checking for a working dd
configure:7427: result: /usr/bin/dd
configure:7431: checking how to truncate binary pipes
configure:7446: result: /usr/bin/dd bs=4096 count=1
configure:7582: x86_64-linux-musl-gcc -c -march=x86-64 -O3 -pipe -fvisibility=hidden  conftest.c >&5
configure:7585: $? = 0
configure:7735: checking for x86_64-linux-musl-mt
configure:7765: result: no
configure:7775: checking for mt
configure:7805: result: no
configure:7825: checking if : is a manifest tool
configure:7831: : '-?'
configure:7839: result: no
configure:8513: checking for dlfcn.h
configure:8513: x86_64-linux-musl-gcc -c -march=x86-64 -O3 -pipe -fvisibility=hidden  conftest.c >&5
configure:8513: $? = 0
configure:8513: result: yes
configure:8769: checking for objdir
configure:8784: result: .libs
configure:9048: checking if x86_64-linux-musl-gcc supports -fno-rtti -fno-exceptions
configure:9066: x86_64-linux-musl-gcc -c -march=x86-64 -O3 -pipe -fvisibility=hidden  -fno-rtti -fno-exceptions conftest.c >&5
cc1: warning: command-line option '-fno-rtti' is valid for C++/D/ObjC++ but not for C
configure:9070: $? = 0
configure:9083: result: no
configure:9441: checking for x86_64-linux-musl-gcc option to produce PIC
configure:9448: result: -fPIC -DPIC
configure:9456: checking if x86_64-linux-musl-gcc PIC flag -fPIC -DPIC works
configure:9474: x86_64-linux-musl-gcc -c -march=x86-64 -O3 -pipe -fvisibility=hidden  -fPIC -DPIC -DPIC conftest.c >&5
configure:9478: $? = 0
configure:9491: result: yes
configure:9520: checking if x86_64-linux-musl-gcc static flag -static works
configure:9548: result: no
configure:9563: checking if x86_64-linux-musl-gcc supports -c -o file.o
configure:9584: x86_64-linux-musl-gcc -c -march=x86-64 -O3 -pipe -fvisibility=hidden  -o out/conftest2.o conftest.c >&5
configure:9588: $? = 0
configure:9610: result: yes
configure:9618: checking if x86_64-linux-musl-gcc supports -c -o file.o
configure:9665: result: yes
configure:9698: checking whether the x86_64-linux-musl-gcc linker (/home/user/mussel/toolchain/x86_64-linux-musl/bin/ld -m elf_x86_64) supports shared libraries
configure:10957: result: yes
configure:10994: checking whether -lc should be explicitly linked in
configure:11002: x86_64-linux-musl-gcc -c -march=x86-64 -O3 -pipe -fvisibility=hidden  conftest.c >&5
configure:11005: $? = 0
configure:11020: x86_64-linux-musl-gcc -shared  -fPIC -DPIC conftest.o  -v -Wl,-soname -Wl,conftest -o conftest 2\>\&1 \| /usr/bin/grep  -lc  \>/dev/null 2\>\&1
configure:11023: $? = 0
configure:11037: result: no
configure:11197: checking dynamic linker characteristics
configure:11778: x86_64-linux-musl-gcc -o conftest -march=x86-64 -O3 -pipe -fvisibility=hidden  -L/home/user/mussel/sysroot/usr/lib -Wl,-rpath -Wl,/foo conftest.c -lattr >&5
configure:11778: $? = 0
configure:12018: result: GNU/Linux ld.so
configure:12140: checking how to hardcode library paths into programs
configure:12165: result: immediate
configure:12713: checking whether stripping libraries is possible
configure:12718: result: yes
configure:12753: checking if libtool supports shared libraries
configure:12755: result: yes
configure:12758: checking whether to build shared libraries
configure:12783: result: yes
configure:12786: checking whether to build static libraries
configure:12790: result: yes
configure:12830: checking whether NLS is requested
configure:12839: result: yes
configure:12879: checking for msgfmt
configure: trying /usr/bin/msgfmt...
0 translated messages.
configure:12911: result: /usr/bin/msgfmt
configure:12920: checking for gmsgfmt
configure:12951: result: /usr/bin/msgfmt
configure:13001: checking for xgettext
configure: trying /usr/bin/xgettext...
/usr/bin/xgettext: warning: file '/dev/null' extension '' is unknown; will try C
configure:13033: result: /usr/bin/xgettext
configure:13078: checking for msgmerge
configure: trying /usr/bin/msgmerge...
configure:13109: result: /usr/bin/msgmerge
configure:13167: checking for ld used by x86_64-linux-musl-gcc
configure:13234: result: /home/user/mussel/toolchain/x86_64-linux-musl/bin/ld -m elf_x86_64
configure:13241: checking if the linker (/home/user/mussel/toolchain/x86_64-linux-musl/bin/ld -m elf_x86_64) is GNU ld
configure:13256: result: yes
configure:13263: checking for shared library run path origin
configure:13276: result: done
configure:13848: checking for CFPreferencesCopyAppValue
configure:13866: x86_64-linux-musl-gcc -o conftest -march=x86-64 -O3 -pipe -fvisibility=hidden  -L/home/user/mussel/sysroot/usr/lib conftest.c -lattr -Wl,-framework -Wl,CoreFoundation >&5
conftest.c:32:10: fatal error: CoreFoundation/CFPreferences.h: No such file or directory
   32 | #include <CoreFoundation/CFPreferences.h>
      |          ^~~~~~~~~~~~~~~~~~~~~~~~~~~~~~~~
compilation terminated.
configure:13866: $? = 1
configure: failed program was:
| /* confdefs.h */
| #define PACKAGE_NAME "attr"
| #define PACKAGE_TARNAME "attr"
| #define PACKAGE_VERSION "2.5.1"
| #define PACKAGE_STRING "attr 2.5.1"
| #define PACKAGE_BUGREPORT "acl-devel@nongnu.org"
| #define PACKAGE_URL ""
| #define PACKAGE "attr"
| #define VERSION "2.5.1"
| #define STDC_HEADERS 1
| #define HAVE_SYS_TYPES_H 1
| #define HAVE_SYS_STAT_H 1
| #define HAVE_STDLIB_H 1
| #define HAVE_STRING_H 1
| #define HAVE_MEMORY_H 1
| #define HAVE_STRINGS_H 1
| #define HAVE_INTTYPES_H 1
| #define HAVE_STDINT_H 1
| #define HAVE_UNISTD_H 1
| #define __EXTENSIONS__ 1
| #define _ALL_SOURCE 1
| #define _GNU_SOURCE 1
| #define _POSIX_PTHREAD_SEMANTICS 1
| #define _TANDEM_SOURCE 1
| #define HAVE_ALLOCA_H 1
| #define HAVE_ALLOCA 1
| #define HAVE_VISIBILITY_ATTRIBUTE /**/
| #define EXPORT __attribute__ ((visibility ("default"))) extern
| #define HAVE_DLFCN_H 1
| #define LT_OBJDIR ".libs/"
| /* end confdefs.h.  */
| #include <CoreFoundation/CFPreferences.h>
| int
| main ()
| {
| CFPreferencesCopyAppValue(NULL, NULL)
|   ;
|   return 0;
| }
configure:13875: result: no
configure:13882: checking for CFLocaleCopyCurrent
configure:13900: x86_64-linux-musl-gcc -o conftest -march=x86-64 -O3 -pipe -fvisibility=hidden  -L/home/user/mussel/sysroot/usr/lib conftest.c -lattr -Wl,-framework -Wl,CoreFoundation >&5
conftest.c:32:10: fatal error: CoreFoundation/CFLocale.h: No such file or directory
   32 | #include <CoreFoundation/CFLocale.h>
      |          ^~~~~~~~~~~~~~~~~~~~~~~~~~~
compilation terminated.
configure:13900: $? = 1
configure: failed program was:
| /* confdefs.h */
| #define PACKAGE_NAME "attr"
| #define PACKAGE_TARNAME "attr"
| #define PACKAGE_VERSION "2.5.1"
| #define PACKAGE_STRING "attr 2.5.1"
| #define PACKAGE_BUGREPORT "acl-devel@nongnu.org"
| #define PACKAGE_URL ""
| #define PACKAGE "attr"
| #define VERSION "2.5.1"
| #define STDC_HEADERS 1
| #define HAVE_SYS_TYPES_H 1
| #define HAVE_SYS_STAT_H 1
| #define HAVE_STDLIB_H 1
| #define HAVE_STRING_H 1
| #define HAVE_MEMORY_H 1
| #define HAVE_STRINGS_H 1
| #define HAVE_INTTYPES_H 1
| #define HAVE_STDINT_H 1
| #define HAVE_UNISTD_H 1
| #define __EXTENSIONS__ 1
| #define _ALL_SOURCE 1
| #define _GNU_SOURCE 1
| #define _POSIX_PTHREAD_SEMANTICS 1
| #define _TANDEM_SOURCE 1
| #define HAVE_ALLOCA_H 1
| #define HAVE_ALLOCA 1
| #define HAVE_VISIBILITY_ATTRIBUTE /**/
| #define EXPORT __attribute__ ((visibility ("default"))) extern
| #define HAVE_DLFCN_H 1
| #define LT_OBJDIR ".libs/"
| /* end confdefs.h.  */
| #include <CoreFoundation/CFLocale.h>
| int
| main ()
| {
| CFLocaleCopyCurrent();
|   ;
|   return 0;
| }
configure:13909: result: no
configure:13958: checking for GNU gettext in libc
configure:13982: x86_64-linux-musl-gcc -o conftest -march=x86-64 -O3 -pipe -fvisibility=hidden  -L/home/user/mussel/sysroot/usr/lib conftest.c -lattr >&5
/home/user/mussel/toolchain/lib/gcc/x86_64-linux-musl/11.2.0/../../../../x86_64-linux-musl/bin/ld: /tmp/ccftPoAh.o: in function `main':
conftest.c:(.text.startup+0x1e): undefined reference to `_nl_domain_bindings'
/home/user/mussel/toolchain/lib/gcc/x86_64-linux-musl/11.2.0/../../../../x86_64-linux-musl/bin/ld: conftest.c:(.text.startup+0x27): undefined reference to `_nl_msg_cat_cntr'
collect2: error: ld returned 1 exit status
configure:13982: $? = 1
configure: failed program was:
| /* confdefs.h */
| #define PACKAGE_NAME "attr"
| #define PACKAGE_TARNAME "attr"
| #define PACKAGE_VERSION "2.5.1"
| #define PACKAGE_STRING "attr 2.5.1"
| #define PACKAGE_BUGREPORT "acl-devel@nongnu.org"
| #define PACKAGE_URL ""
| #define PACKAGE "attr"
| #define VERSION "2.5.1"
| #define STDC_HEADERS 1
| #define HAVE_SYS_TYPES_H 1
| #define HAVE_SYS_STAT_H 1
| #define HAVE_STDLIB_H 1
| #define HAVE_STRING_H 1
| #define HAVE_MEMORY_H 1
| #define HAVE_STRINGS_H 1
| #define HAVE_INTTYPES_H 1
| #define HAVE_STDINT_H 1
| #define HAVE_UNISTD_H 1
| #define __EXTENSIONS__ 1
| #define _ALL_SOURCE 1
| #define _GNU_SOURCE 1
| #define _POSIX_PTHREAD_SEMANTICS 1
| #define _TANDEM_SOURCE 1
| #define HAVE_ALLOCA_H 1
| #define HAVE_ALLOCA 1
| #define HAVE_VISIBILITY_ATTRIBUTE /**/
| #define EXPORT __attribute__ ((visibility ("default"))) extern
| #define HAVE_DLFCN_H 1
| #define LT_OBJDIR ".libs/"
| /* end confdefs.h.  */
| 
| #include <libintl.h>
| 
| extern int _nl_msg_cat_cntr;
| extern int *_nl_domain_bindings;
| 
| int
| main ()
| {
| 
| bindtextdomain ("", "");
| return * gettext ("") + _nl_msg_cat_cntr + *_nl_domain_bindings
| 
|   ;
|   return 0;
| }
configure:13991: result: no
configure:14025: checking for iconv
configure:14049: x86_64-linux-musl-gcc -o conftest -march=x86-64 -O3 -pipe -fvisibility=hidden  -L/home/user/mussel/sysroot/usr/lib conftest.c -lattr >&5
configure:14049: $? = 0
configure:14083: result: yes
configure:14086: checking for working iconv
configure:14206: x86_64-linux-musl-gcc -o conftest -march=x86-64 -O3 -pipe -fvisibility=hidden  -L/home/user/mussel/sysroot/usr/lib conftest.c -lattr >&5
configure:14206: $? = 0
configure:14206: ./conftest
configure:14206: $? = 0
configure:14218: result: yes
configure:14707: checking for GNU gettext in libintl
configure:14739: x86_64-linux-musl-gcc -o conftest -march=x86-64 -O3 -pipe -fvisibility=hidden   -L/home/user/mussel/sysroot/usr/lib conftest.c -lattr -lintl >&5
/home/user/mussel/toolchain/lib/gcc/x86_64-linux-musl/11.2.0/../../../../x86_64-linux-musl/bin/ld: cannot find -lintl
collect2: error: ld returned 1 exit status
configure:14739: $? = 1
configure: failed program was:
| /* confdefs.h */
| #define PACKAGE_NAME "attr"
| #define PACKAGE_TARNAME "attr"
| #define PACKAGE_VERSION "2.5.1"
| #define PACKAGE_STRING "attr 2.5.1"
| #define PACKAGE_BUGREPORT "acl-devel@nongnu.org"
| #define PACKAGE_URL ""
| #define PACKAGE "attr"
| #define VERSION "2.5.1"
| #define STDC_HEADERS 1
| #define HAVE_SYS_TYPES_H 1
| #define HAVE_SYS_STAT_H 1
| #define HAVE_STDLIB_H 1
| #define HAVE_STRING_H 1
| #define HAVE_MEMORY_H 1
| #define HAVE_STRINGS_H 1
| #define HAVE_INTTYPES_H 1
| #define HAVE_STDINT_H 1
| #define HAVE_UNISTD_H 1
| #define __EXTENSIONS__ 1
| #define _ALL_SOURCE 1
| #define _GNU_SOURCE 1
| #define _POSIX_PTHREAD_SEMANTICS 1
| #define _TANDEM_SOURCE 1
| #define HAVE_ALLOCA_H 1
| #define HAVE_ALLOCA 1
| #define HAVE_VISIBILITY_ATTRIBUTE /**/
| #define EXPORT __attribute__ ((visibility ("default"))) extern
| #define HAVE_DLFCN_H 1
| #define LT_OBJDIR ".libs/"
| #define HAVE_ICONV 1
| /* end confdefs.h.  */
| 
| #include <libintl.h>
| 
| extern int _nl_msg_cat_cntr;
| extern
| #ifdef __cplusplus
| "C"
| #endif
| const char *_nl_expand_alias (const char *);
| 
| int
| main ()
| {
| 
| bindtextdomain ("", "");
| return * gettext ("") + _nl_msg_cat_cntr + *_nl_expand_alias ("")
| 
|   ;
|   return 0;
| }
configure:14784: result: no
configure:14819: checking whether to use NLS
configure:14821: result: no
configure:15017: checking that generated files are newer than configure
configure:15023: result: done
configure:15046: creating ./config.status

## ---------------------- ##
## Running config.status. ##
## ---------------------- ##

This file was extended by attr config.status 2.5.1, which was
generated by GNU Autoconf 2.69.  Invocation command line was

  CONFIG_FILES    = 
  CONFIG_HEADERS  = 
  CONFIG_LINKS    = 
  CONFIG_COMMANDS = 
  $ ./config.status 

on arch

config.status:1123: creating libattr.pc
config.status:1123: creating Makefile
config.status:1123: creating po/Makefile.in
config.status:1123: creating include/config.h
config.status:1352: executing depfiles commands
config.status:1429: cd .       && sed -e '/# am--include-marker/d' Makefile         | make -f - am--depfiles
config.status:1434: $? = 0
config.status:1352: executing libtool commands
config.status:1352: executing po-directories commands
config.status:1352: executing include/attr commands

## ---------------- ##
## Cache variables. ##
## ---------------- ##

ac_cv_build=x86_64-pc-linux-gnu
ac_cv_c_compiler_gnu=yes
ac_cv_c_const=yes
ac_cv_env_CC_set=set
ac_cv_env_CC_value=x86_64-linux-musl-gcc
ac_cv_env_CFLAGS_set=set
ac_cv_env_CFLAGS_value='-march=x86-64 -O3 -pipe'
ac_cv_env_CPPFLAGS_set=
ac_cv_env_CPPFLAGS_value=
ac_cv_env_CPP_set=
ac_cv_env_CPP_value=
ac_cv_env_LDFLAGS_set=set
ac_cv_env_LDFLAGS_value=-L/home/user/mussel/sysroot/usr/lib
ac_cv_env_LIBS_set=set
ac_cv_env_LIBS_value=-lattr
ac_cv_env_LT_SYS_LIBRARY_PATH_set=
ac_cv_env_LT_SYS_LIBRARY_PATH_value=
ac_cv_env_build_alias_set=
ac_cv_env_build_alias_value=
ac_cv_env_host_alias_set=set
ac_cv_env_host_alias_value=x86_64-linux-musl
ac_cv_env_target_alias_set=
ac_cv_env_target_alias_value=
ac_cv_func_alloca_works=yes
ac_cv_header_dlfcn_h=yes
ac_cv_header_inttypes_h=yes
ac_cv_header_memory_h=yes
ac_cv_header_minix_config_h=no
ac_cv_header_stdc=yes
ac_cv_header_stdint_h=yes
ac_cv_header_stdlib_h=yes
ac_cv_header_string_h=yes
ac_cv_header_strings_h=yes
ac_cv_header_sys_stat_h=yes
ac_cv_header_sys_types_h=yes
ac_cv_header_unistd_h=yes
ac_cv_host=x86_64-pc-linux-musl
ac_cv_objext=o
ac_cv_path_EGREP='/usr/bin/grep -E'
ac_cv_path_FGREP='/usr/bin/grep -F'
ac_cv_path_GMSGFMT=/usr/bin/msgfmt
ac_cv_path_GREP=/usr/bin/grep
ac_cv_path_MSGFMT=/usr/bin/msgfmt
ac_cv_path_MSGMERGE=/usr/bin/msgmerge
ac_cv_path_SED=/usr/bin/sed
ac_cv_path_XGETTEXT=/usr/bin/xgettext
ac_cv_path_install='/usr/bin/install -c'
ac_cv_path_lt_DD=/usr/bin/dd
ac_cv_path_mkdir=/usr/bin/mkdir
ac_cv_prog_AR=x86_64-linux-musl-ar
ac_cv_prog_AWK=gawk
ac_cv_prog_CC=x86_64-linux-musl-gcc
ac_cv_prog_CPP='x86_64-linux-musl-gcc -E'
ac_cv_prog_OBJDUMP=x86_64-linux-musl-objdump
ac_cv_prog_RANLIB=x86_64-linux-musl-ranlib
ac_cv_prog_STRIP=x86_64-linux-musl-strip
ac_cv_prog_cc_c89=
ac_cv_prog_cc_g=yes
ac_cv_prog_make_make_set=yes
ac_cv_safe_to_define___extensions__=yes
ac_cv_sys_file_offset_bits=no
ac_cv_sys_largefile_CC=no
ac_cv_type_mode_t=yes
ac_cv_type_size_t=yes
ac_cv_working_alloca_h=yes
acl_cv_hardcode_direct=no
acl_cv_hardcode_libdir_flag_spec='${wl}-rpath ${wl}$libdir'
acl_cv_hardcode_libdir_separator=
acl_cv_hardcode_minus_L=no
acl_cv_libext=a
acl_cv_libname_spec='lib$name'
acl_cv_library_names_spec='$libname$shrext'
acl_cv_path_LD='/home/user/mussel/toolchain/x86_64-linux-musl/bin/ld -m elf_x86_64'
acl_cv_prog_gnu_ld=yes
acl_cv_rpath=done
acl_cv_shlibext=so
acl_cv_wl=-Wl,
am_cv_CC_dependencies_compiler_type=gcc3
am_cv_ar_interface=ar
am_cv_func_iconv=yes
am_cv_func_iconv_works=yes
am_cv_lib_iconv=no
am_cv_make_support_nested_variables=yes
am_cv_prog_cc_c_o=yes
gt_cv_func_CFLocaleCopyCurrent=no
gt_cv_func_CFPreferencesCopyAppValue=no
gt_cv_func_gnugettext1_libc=no
gt_cv_func_gnugettext1_libintl=no
libc_cv_visibility_attribute=yes
lt_cv_ar_at_file=@
lt_cv_archive_cmds_need_lc=no
lt_cv_deplibs_check_method=pass_all
lt_cv_file_magic_cmd='$MAGIC_CMD'
lt_cv_file_magic_test_file=
lt_cv_ld_reload_flag=-r
lt_cv_nm_interface='BSD nm'
lt_cv_objdir=.libs
lt_cv_path_LD=/home/user/mussel/toolchain/x86_64-linux-musl/bin/ld
lt_cv_path_NM='/home/user/mussel/toolchain/bin/x86_64-linux-musl-nm -B'
lt_cv_path_mainfest_tool=no
lt_cv_prog_compiler_c_o=yes
lt_cv_prog_compiler_pic='-fPIC -DPIC'
lt_cv_prog_compiler_pic_works=yes
lt_cv_prog_compiler_rtti_exceptions=no
lt_cv_prog_compiler_static_works=no
lt_cv_prog_gnu_ld=yes
lt_cv_sharedlib_from_linklib_cmd='printf %s\n'
lt_cv_shlibpath_overrides_runpath=no
lt_cv_sys_global_symbol_pipe='sed -n -e '\''s/^.*[	 ]\([ABCDGIRSTW][ABCDGIRSTW]*\)[	 ][	 ]*\([_A-Za-z][_A-Za-z0-9]*\)$/\1 \2 \2/p'\'' | sed '\''/ __gnu_lto/d'\'''
lt_cv_sys_global_symbol_to_c_name_address='sed -n -e '\''s/^: \(.*\) .*$/  {"\1", (void *) 0},/p'\'' -e '\''s/^[ABCDGIRSTW][ABCDGIRSTW]* .* \(.*\)$/  {"\1", (void *) \&\1},/p'\'''
lt_cv_sys_global_symbol_to_c_name_address_lib_prefix='sed -n -e '\''s/^: \(.*\) .*$/  {"\1", (void *) 0},/p'\'' -e '\''s/^[ABCDGIRSTW][ABCDGIRSTW]* .* \(lib.*\)$/  {"\1", (void *) \&\1},/p'\'' -e '\''s/^[ABCDGIRSTW][ABCDGIRSTW]* .* \(.*\)$/  {"lib\1", (void *) \&\1},/p'\'''
lt_cv_sys_global_symbol_to_cdecl='sed -n -e '\''s/^T .* \(.*\)$/extern int \1();/p'\'' -e '\''s/^[ABCDGIRSTW][ABCDGIRSTW]* .* \(.*\)$/extern char \1;/p'\'''
lt_cv_sys_global_symbol_to_import=
lt_cv_sys_max_cmd_len=1572864
lt_cv_to_host_file_cmd=func_convert_file_noop
lt_cv_to_tool_file_cmd=func_convert_file_noop
lt_cv_truncate_bin='/usr/bin/dd bs=4096 count=1'

## ----------------- ##
## Output variables. ##
## ----------------- ##

ACLOCAL='${SHELL} /home/user/mussel/hanhpkg/attr/work/attr-2.5.1/build-aux/missing aclocal-1.16'
ALLOCA=''
AMDEPBACKSLASH='\'
AMDEP_FALSE='#'
AMDEP_TRUE=''
AMTAR='$${TAR-tar}'
AM_BACKSLASH='\'
AM_DEFAULT_V='$(AM_DEFAULT_VERBOSITY)'
AM_DEFAULT_VERBOSITY='0'
AM_V='$(V)'
AR='x86_64-linux-musl-ar'
AUTOCONF='${SHELL} /home/user/mussel/hanhpkg/attr/work/attr-2.5.1/build-aux/missing autoconf'
AUTOHEADER='${SHELL} /home/user/mussel/hanhpkg/attr/work/attr-2.5.1/build-aux/missing autoheader'
AUTOMAKE='${SHELL} /home/user/mussel/hanhpkg/attr/work/attr-2.5.1/build-aux/missing automake-1.16'
AWK='gawk'
CC='x86_64-linux-musl-gcc'
CCDEPMODE='depmode=gcc3'
CFLAGS='-march=x86-64 -O3 -pipe -fvisibility=hidden'
CPP='x86_64-linux-musl-gcc -E'
CPPFLAGS=' -DNDEBUG'
CYGPATH_W='echo'
DEFS='-DHAVE_CONFIG_H'
DEPDIR='.deps'
DLLTOOL='false'
DSYMUTIL=''
DUMPBIN=''
ECHO_C=''
ECHO_N='-n'
ECHO_T=''
EGREP='/usr/bin/grep -E'
EXEEXT=''
FGREP='/usr/bin/grep -F'
GETTEXT_MACRO_VERSION='0.18'
GMSGFMT='/usr/bin/msgfmt'
GMSGFMT_015='/usr/bin/msgfmt'
GREP='/usr/bin/grep'
INSTALL_DATA='${INSTALL} -m 644'
INSTALL_PROGRAM='${INSTALL}'
INSTALL_SCRIPT='${INSTALL}'
INSTALL_STRIP_PROGRAM='$(install_sh) -c -s'
INTLLIBS=''
INTL_MACOSX_LIBS=''
LD='/home/user/mussel/toolchain/x86_64-linux-musl/bin/ld -m elf_x86_64'
LDFLAGS='-L/home/user/mussel/sysroot/usr/lib'
LIBICONV=''
LIBINTL=''
LIBOBJS=''
LIBS='-lattr'
LIBTOOL='$(SHELL) $(top_builddir)/libtool'
LIPO=''
LN_S='ln -s'
LTLIBICONV=''
LTLIBINTL=''
LTLIBOBJS=''
LT_REVISION='2501'
LT_SYS_LIBRARY_PATH=''
MAKEINFO='${SHELL} /home/user/mussel/hanhpkg/attr/work/attr-2.5.1/build-aux/missing makeinfo'
MANIFEST_TOOL=':'
MKDIR_P='/usr/bin/mkdir -p'
MSGFMT='/usr/bin/msgfmt'
MSGFMT_015='/usr/bin/msgfmt'
MSGMERGE='/usr/bin/msgmerge'
NM='/home/user/mussel/toolchain/bin/x86_64-linux-musl-nm -B'
NMEDIT=''
OBJDUMP='x86_64-linux-musl-objdump'
OBJEXT='o'
OTOOL64=''
OTOOL=''
PACKAGE='attr'
PACKAGE_BUGREPORT='acl-devel@nongnu.org'
PACKAGE_NAME='attr'
PACKAGE_STRING='attr 2.5.1'
PACKAGE_TARNAME='attr'
PACKAGE_URL=''
PACKAGE_VERSION='2.5.1'
PATH_SEPARATOR=':'
POSUB=''
RANLIB='x86_64-linux-musl-ranlib'
SED='/usr/bin/sed'
SET_MAKE=''
SHELL='/bin/sh'
STRIP='x86_64-linux-musl-strip'
USE_NLS='no'
VERSION='2.5.1'
XGETTEXT='/usr/bin/xgettext'
XGETTEXT_015='/usr/bin/xgettext'
XGETTEXT_EXTRA_OPTIONS=''
ac_ct_AR=''
ac_ct_CC=''
ac_ct_DUMPBIN=''
am__EXEEXT_FALSE=''
am__EXEEXT_TRUE='#'
am__fastdepCC_FALSE='#'
am__fastdepCC_TRUE=''
am__include='include'
am__isrc=''
am__leading_dot='.'
am__nodep='_no'
am__quote=''
am__tar='$${TAR-tar} chof - "$$tardir"'
am__untar='$${TAR-tar} xf -'
bindir='${exec_prefix}/bin'
build='x86_64-pc-linux-gnu'
build_alias=''
build_cpu='x86_64'
build_os='linux-gnu'
build_vendor='pc'
datadir='${datarootdir}'
datarootdir='${prefix}/share'
docdir='${datarootdir}/doc/${PACKAGE_TARNAME}'
dvidir='${docdir}'
exec_prefix='${prefix}'
host='x86_64-pc-linux-musl'
host_alias='x86_64-linux-musl'
host_cpu='x86_64'
host_os='linux-musl'
host_vendor='pc'
htmldir='${docdir}'
includedir='${prefix}/include'
infodir='${datarootdir}/info'
install_sh='${SHELL} /home/user/mussel/hanhpkg/attr/work/attr-2.5.1/build-aux/install-sh'
libdir='${exec_prefix}/lib'
libexecdir='${exec_prefix}/libexec'
localedir='${datarootdir}/locale'
localstatedir='${prefix}/var'
mandir='${datarootdir}/man'
mkdir_p='$(MKDIR_P)'
oldincludedir='/usr/include'
pdfdir='${docdir}'
prefix='/usr'
program_transform_name='s,x,x,'
psdir='${docdir}'
sbindir='${exec_prefix}/sbin'
sharedstatedir='${prefix}/com'
sysconfdir='/etc'
target_alias=''

## ----------- ##
## confdefs.h. ##
## ----------- ##

/* confdefs.h */
#define PACKAGE_NAME "attr"
#define PACKAGE_TARNAME "attr"
#define PACKAGE_VERSION "2.5.1"
#define PACKAGE_STRING "attr 2.5.1"
#define PACKAGE_BUGREPORT "acl-devel@nongnu.org"
#define PACKAGE_URL ""
#define PACKAGE "attr"
#define VERSION "2.5.1"
#define STDC_HEADERS 1
#define HAVE_SYS_TYPES_H 1
#define HAVE_SYS_STAT_H 1
#define HAVE_STDLIB_H 1
#define HAVE_STRING_H 1
#define HAVE_MEMORY_H 1
#define HAVE_STRINGS_H 1
#define HAVE_INTTYPES_H 1
#define HAVE_STDINT_H 1
#define HAVE_UNISTD_H 1
#define __EXTENSIONS__ 1
#define _ALL_SOURCE 1
#define _GNU_SOURCE 1
#define _POSIX_PTHREAD_SEMANTICS 1
#define _TANDEM_SOURCE 1
#define HAVE_ALLOCA_H 1
#define HAVE_ALLOCA 1
#define HAVE_VISIBILITY_ATTRIBUTE /**/
#define EXPORT __attribute__ ((visibility ("default"))) extern
#define HAVE_DLFCN_H 1
#define LT_OBJDIR ".libs/"
#define HAVE_ICONV 1

configure: exit 0
