This file contains any messages produced by compilers while
running configure, to aid debugging if configure makes a mistake.

It was created by python configure 3.10, which was
generated by GNU Autoconf 2.69.  Invocation command line was

  $ ./configure --with-sqlite

## --------- ##
## Platform. ##
## --------- ##

hostname = hanh
uname -m = x86_64
uname -r = 5.19.10-arch1-1
uname -s = Linux
uname -v = #1 SMP PREEMPT_DYNAMIC Tue, 20 Sep 2022 15:17:59 +0000

/usr/bin/uname -p = unknown
/bin/uname -X     = unknown

/bin/arch              = unknown
/usr/bin/arch -k       = unknown
/usr/convex/getsysinfo = unknown
/usr/bin/hostinfo      = unknown
/bin/machine           = unknown
/usr/bin/oslevel       = unknown
/bin/universe          = unknown

PATH: /usr/local/bin
PATH: /usr/bin
PATH: /bin
PATH: /usr/local/sbin
PATH: /usr/lib/jvm/default/bin
PATH: /usr/bin/site_perl
PATH: /usr/bin/vendor_perl
PATH: /usr/bin/core_perl
PATH: /home/kun/stuff/clang-toolchain/toolchain/bin


## ----------- ##
## Core tests. ##
## ----------- ##

configure:2888: checking build system type
configure:2902: result: x86_64-pc-linux-gnu
configure:2922: checking host system type
configure:2935: result: x86_64-pc-linux-gnu
configure:2965: checking for python3.10
configure:2981: found /usr/bin/python3.10
configure:2992: result: python3.10
configure:3086: checking for --enable-universalsdk
configure:3133: result: no
configure:3157: checking for --with-universal-archs
configure:3172: result: no
configure:3328: checking MACHDEP
configure:3379: result: "linux"
configure:3663: checking for gcc
configure:3679: found /usr/bin/gcc
configure:3690: result: gcc
configure:3919: checking for C compiler version
configure:3928: gcc --version >&5
gcc (GCC) 12.2.0
Copyright (C) 2022 Free Software Foundation, Inc.
This is free software; see the source for copying conditions.  There is NO
warranty; not even for MERCHANTABILITY or FITNESS FOR A PARTICULAR PURPOSE.

configure:3939: $? = 0
configure:3928: gcc -v >&5
Using built-in specs.
COLLECT_GCC=gcc
COLLECT_LTO_WRAPPER=/usr/lib/gcc/x86_64-pc-linux-gnu/12.2.0/lto-wrapper
Target: x86_64-pc-linux-gnu
Configured with: /build/gcc/src/gcc/configure --enable-languages=c,c++,ada,fortran,go,lto,objc,obj-c++,d --enable-bootstrap --prefix=/usr --libdir=/usr/lib --libexecdir=/usr/lib --mandir=/usr/share/man --infodir=/usr/share/info --with-bugurl=https://bugs.archlinux.org/ --with-build-config=bootstrap-lto --with-linker-hash-style=gnu --with-system-zlib --enable-__cxa_atexit --enable-cet=auto --enable-checking=release --enable-clocale=gnu --enable-default-pie --enable-default-ssp --enable-gnu-indirect-function --enable-gnu-unique-object --enable-libstdcxx-backtrace --enable-link-serialization=1 --enable-linker-build-id --enable-lto --enable-multilib --enable-plugin --enable-shared --enable-threads=posix --disable-libssp --disable-libstdcxx-pch --disable-werror
Thread model: posix
Supported LTO compression algorithms: zlib zstd
gcc version 12.2.0 (GCC) 
configure:3939: $? = 0
configure:3928: gcc -V >&5
gcc: error: unrecognized command-line option '-V'
gcc: fatal error: no input files
compilation terminated.
configure:3939: $? = 1
configure:3928: gcc -qversion >&5
gcc: error: unrecognized command-line option '-qversion'; did you mean '--version'?
gcc: fatal error: no input files
compilation terminated.
configure:3939: $? = 1
configure:3959: checking whether the C compiler works
configure:3981: gcc    conftest.c  >&5
configure:3985: $? = 0
configure:4033: result: yes
configure:4036: checking for C compiler default output file name
configure:4038: result: a.out
configure:4044: checking for suffix of executables
configure:4051: gcc -o conftest    conftest.c  >&5
configure:4055: $? = 0
configure:4077: result: 
configure:4099: checking whether we are cross compiling
configure:4107: gcc -o conftest    conftest.c  >&5
configure:4111: $? = 0
configure:4118: ./conftest
configure:4122: $? = 0
configure:4137: result: no
configure:4142: checking for suffix of object files
configure:4164: gcc -c   conftest.c >&5
configure:4168: $? = 0
configure:4189: result: o
configure:4193: checking whether we are using the GNU C compiler
configure:4212: gcc -c   conftest.c >&5
configure:4212: $? = 0
configure:4221: result: yes
configure:4230: checking whether gcc accepts -g
configure:4250: gcc -c -g  conftest.c >&5
configure:4250: $? = 0
configure:4291: result: yes
configure:4308: checking for gcc option to accept ISO C89
configure:4371: gcc  -c   conftest.c >&5
configure:4371: $? = 0
configure:4384: result: none needed
configure:4409: checking how to run the C preprocessor
configure:4440: gcc -E  conftest.c
configure:4440: $? = 0
configure:4454: gcc -E  conftest.c
conftest.c:11:10: fatal error: ac_nonexistent.h: No such file or directory
   11 | #include <ac_nonexistent.h>
      |          ^~~~~~~~~~~~~~~~~~
compilation terminated.
configure:4454: $? = 1
configure: failed program was:
| /* confdefs.h */
| #define _GNU_SOURCE 1
| #define _NETBSD_SOURCE 1
| #define __BSD_VISIBLE 1
| #define _DARWIN_C_SOURCE 1
| #define _PYTHONFRAMEWORK ""
| #define _XOPEN_SOURCE 700
| #define _XOPEN_SOURCE_EXTENDED 1
| #define _POSIX_C_SOURCE 200809L
| /* end confdefs.h.  */
| #include <ac_nonexistent.h>
configure:4479: result: gcc -E
configure:4499: gcc -E  conftest.c
configure:4499: $? = 0
configure:4513: gcc -E  conftest.c
conftest.c:11:10: fatal error: ac_nonexistent.h: No such file or directory
   11 | #include <ac_nonexistent.h>
      |          ^~~~~~~~~~~~~~~~~~
compilation terminated.
configure:4513: $? = 1
configure: failed program was:
| /* confdefs.h */
| #define _GNU_SOURCE 1
| #define _NETBSD_SOURCE 1
| #define __BSD_VISIBLE 1
| #define _DARWIN_C_SOURCE 1
| #define _PYTHONFRAMEWORK ""
| #define _XOPEN_SOURCE 700
| #define _XOPEN_SOURCE_EXTENDED 1
| #define _POSIX_C_SOURCE 200809L
| /* end confdefs.h.  */
| #include <ac_nonexistent.h>
configure:4541: checking for grep that handles long lines and -e
configure:4599: result: /usr/bin/grep
configure:4604: checking for a sed that does not truncate output
configure:4668: result: /usr/bin/sed
configure:4676: checking for --with-cxx-main=<compiler>
configure:4702: result: no
configure:4755: checking for g++
configure:4788: result: no
configure:5220:

  By default, distutils will build C++ extension modules with "g++".
  If this is not intended, then set CXX on the configure command line.
  
configure:5229: checking for the platform triplet based on compiler characteristics
configure:5379: result: x86_64-linux-gnu
configure:5387: checking for multiarch
configure:5399: result: 
configure:5416: checking for -Wl,--no-as-needed
configure:5432: gcc -o conftest    -Wl,--no-as-needed conftest.c  >&5
configure:5432: $? = 0
configure:5434: result: yes
configure:5449: checking for egrep
configure:5511: result: /usr/bin/grep -E
configure:5516: checking for ANSI C header files
configure:5536: gcc -c   conftest.c >&5

## ---------------- ##
## Cache variables. ##
## ---------------- ##

ac_cv_build=x86_64-pc-linux-gnu
ac_cv_c_compiler_gnu=yes
ac_cv_env_CC_set=
ac_cv_env_CC_value=
ac_cv_env_CFLAGS_set=
ac_cv_env_CFLAGS_value=
ac_cv_env_CPPFLAGS_set=
ac_cv_env_CPPFLAGS_value=
ac_cv_env_CPP_set=
ac_cv_env_CPP_value=
ac_cv_env_LDFLAGS_set=
ac_cv_env_LDFLAGS_value=
ac_cv_env_LIBS_set=
ac_cv_env_LIBS_value=
ac_cv_env_MACHDEP_set=
ac_cv_env_MACHDEP_value=
ac_cv_env_PKG_CONFIG_LIBDIR_set=
ac_cv_env_PKG_CONFIG_LIBDIR_value=
ac_cv_env_PKG_CONFIG_PATH_set=
ac_cv_env_PKG_CONFIG_PATH_value=
ac_cv_env_PKG_CONFIG_set=
ac_cv_env_PKG_CONFIG_value=
ac_cv_env_PROFILE_TASK_set=
ac_cv_env_PROFILE_TASK_value=
ac_cv_env_build_alias_set=
ac_cv_env_build_alias_value=
ac_cv_env_host_alias_set=
ac_cv_env_host_alias_value=
ac_cv_env_target_alias_set=
ac_cv_env_target_alias_value=
ac_cv_host=x86_64-pc-linux-gnu
ac_cv_objext=o
ac_cv_path_EGREP='/usr/bin/grep -E'
ac_cv_path_GREP=/usr/bin/grep
ac_cv_path_SED=/usr/bin/sed
ac_cv_prog_CPP='gcc -E'
ac_cv_prog_PYTHON_FOR_REGEN=python3.10
ac_cv_prog_ac_ct_CC=gcc
ac_cv_prog_cc_c89=
ac_cv_prog_cc_g=yes

## ----------------- ##
## Output variables. ##
## ----------------- ##

ABIFLAGS=''
ALT_SOABI=''
AR=''
ARCH_RUN_32BIT=''
ARFLAGS=''
BASECFLAGS=''
BASECPPFLAGS=''
BINLIBDEST=''
BLDLIBRARY=''
BLDSHARED=''
BUILDEXEEXT=''
CC='gcc'
CCSHARED=''
CFLAGS=''
CFLAGSFORSHARED=''
CFLAGS_ALIASING=''
CFLAGS_NODIST=''
CONFIGURE_MACOSX_DEPLOYMENT_TARGET=''
CONFIG_ARGS=' '\''--with-sqlite'\'''
CPP='gcc -E'
CPPFLAGS=''
CXX='g++'
DEFS=''
DEF_MAKE_ALL_RULE=''
DEF_MAKE_RULE=''
DFLAGS=''
DLINCLDIR=''
DLLLIBRARY=''
DTRACE=''
DTRACE_HEADERS=''
DTRACE_OBJS=''
DYNLOADFILE=''
ECHO_C=''
ECHO_N='-n'
ECHO_T=''
EGREP='/usr/bin/grep -E'
ENSUREPIP=''
EXEEXT=''
EXPORTSFROM=''
EXPORTSYMS=''
EXPORT_MACOSX_DEPLOYMENT_TARGET='#'
EXT_SUFFIX=''
FRAMEWORKALTINSTALLFIRST=''
FRAMEWORKALTINSTALLLAST=''
FRAMEWORKINSTALLAPPSPREFIX=''
FRAMEWORKINSTALLFIRST=''
FRAMEWORKINSTALLLAST=''
FRAMEWORKPYTHONW=''
FRAMEWORKUNIXTOOLSPREFIX='/usr/local'
GITBRANCH=''
GITTAG=''
GITVERSION=''
GNULD=''
GREP='/usr/bin/grep'
HAS_GIT='no-repository'
HAVE_GETHOSTBYNAME=''
HAVE_GETHOSTBYNAME_R=''
HAVE_GETHOSTBYNAME_R_3_ARG=''
HAVE_GETHOSTBYNAME_R_5_ARG=''
HAVE_GETHOSTBYNAME_R_6_ARG=''
INSTALL_DATA=''
INSTALL_PROGRAM=''
INSTALL_SCRIPT=''
INSTSONAME=''
LDCXXSHARED=''
LDFLAGS=''
LDFLAGS_NODIST=''
LDLIBRARY=''
LDLIBRARYDIR=''
LDSHARED=''
LDVERSION=''
LIBC=''
LIBFFI_INCLUDEDIR=''
LIBM=''
LIBOBJS=''
LIBPL=''
LIBPYTHON=''
LIBRARY=''
LIBRARY_DEPS=''
LIBS=''
LIBTOOL_CRUFT=''
LINKCC=''
LINKFORSHARED=''
LIPO_32BIT_FLAGS=''
LIPO_INTEL64_FLAGS=''
LLVM_AR=''
LLVM_AR_FOUND=''
LLVM_PROFDATA=''
LLVM_PROF_ERR=''
LLVM_PROF_FILE=''
LLVM_PROF_FOUND=''
LLVM_PROF_MERGER=''
LN=''
LTLIBOBJS=''
MACHDEP='linux'
MACHDEP_OBJS=''
MAINCC='$(CC)'
MKDIR_P=''
MULTIARCH='x86_64-linux-gnu'
MULTIARCH_CPPFLAGS='-DMULTIARCH=\"x86_64-linux-gnu\"'
NO_AS_NEEDED='-Wl,--no-as-needed'
OBJEXT='o'
OPENSSL_INCLUDES=''
OPENSSL_LDFLAGS=''
OPENSSL_LIBS=''
OPENSSL_RPATH=''
OPT=''
OTHER_LIBTOOL_OPT=''
PACKAGE_BUGREPORT='https://github.com/python/cpython/issues/'
PACKAGE_NAME='python'
PACKAGE_STRING='python 3.10'
PACKAGE_TARNAME='python'
PACKAGE_URL=''
PACKAGE_VERSION='3.10'
PATH_SEPARATOR=':'
PGO_PROF_GEN_FLAG=''
PGO_PROF_USE_FLAG=''
PKG_CONFIG=''
PKG_CONFIG_LIBDIR=''
PKG_CONFIG_PATH=''
PLATFORM_TRIPLET='x86_64-linux-gnu'
PLATLIBDIR=''
PROFILE_TASK=''
PY3LIBRARY=''
PYTHONFRAMEWORK=''
PYTHONFRAMEWORKDIR='no-framework'
PYTHONFRAMEWORKIDENTIFIER='org.python.python'
PYTHONFRAMEWORKINSTALLDIR=''
PYTHONFRAMEWORKPREFIX=''
PYTHON_FOR_BUILD='./$(BUILDPYTHON) -E'
PYTHON_FOR_REGEN='python3.10'
PY_ENABLE_SHARED=''
READELF=''
RUNSHARED=''
SED='/usr/bin/sed'
SHELL='/bin/sh'
SHLIBS=''
SHLIB_SUFFIX=''
SOABI=''
SOVERSION='1.0'
SRCDIRS=''
STATIC_LIBPYTHON=''
TCLTK_INCLUDES=''
TCLTK_LIBS=''
TEST_MODULES=''
THREADHEADERS=''
TRUE=''
TZPATH=''
UNIVERSALSDK=''
UNIVERSAL_ARCH_FLAGS=''
VERSION='3.10'
WHEEL_PKG_DIR=''
_PYTHON_HOST_PLATFORM=''
ac_ct_AR=''
ac_ct_CC='gcc'
ac_ct_CXX=''
ac_ct_READELF=''
bindir='${exec_prefix}/bin'
build='x86_64-pc-linux-gnu'
build_alias=''
build_cpu='x86_64'
build_os='linux-gnu'
build_vendor='pc'
datadir='${datarootdir}'
datarootdir='${prefix}/share'
docdir='${datarootdir}/doc/${PACKAGE_TARNAME}'
dvidir='${docdir}'
exec_prefix='NONE'
host='x86_64-pc-linux-gnu'
host_alias=''
host_cpu='x86_64'
host_os='linux-gnu'
host_vendor='pc'
htmldir='${docdir}'
includedir='${prefix}/include'
infodir='${datarootdir}/info'
libdir='${exec_prefix}/lib'
libexecdir='${exec_prefix}/libexec'
localedir='${datarootdir}/locale'
localstatedir='${prefix}/var'
mandir='${datarootdir}/man'
oldincludedir='/usr/include'
pdfdir='${docdir}'
prefix='NONE'
program_transform_name='s,x,x,'
psdir='${docdir}'
runstatedir='${localstatedir}/run'
sbindir='${exec_prefix}/sbin'
sharedstatedir='${prefix}/com'
sysconfdir='${prefix}/etc'
target_alias=''

## ----------- ##
## confdefs.h. ##
## ----------- ##

/* confdefs.h */
#define _GNU_SOURCE 1
#define _NETBSD_SOURCE 1
#define __BSD_VISIBLE 1
#define _DARWIN_C_SOURCE 1
#define _PYTHONFRAMEWORK ""
#define _XOPEN_SOURCE 700
#define _XOPEN_SOURCE_EXTENDED 1
#define _POSIX_C_SOURCE 200809L

configure: caught signal 2
configure: exit 1
